<?xml version="1.0" encoding="UTF-8"?>
<!-- Generated by org.testng.reporters.JUnitReportReporter -->
<testsuite skipped="0" hostname="LAPTOP-LO8M8OVB" name="TestCases.CoronavirusDailyCases" tests="1" failures="0" timestamp="2020-09-14T16:51:18 GMT+05:30" time="12.908" errors="0">
  <testcase name="TC08CalclateTheSumofTotalDeathTodayCasesOfAllStates" time="12.908" classname="TestCases.CoronavirusDailyCases"/>
  <system-out/>
</testsuite> <!-- TestCases.CoronavirusDailyCases -->
