<?xml version="1.0" encoding="UTF-8"?>
<!-- Generated by org.testng.reporters.JUnitReportReporter -->
<testsuite skipped="0" hostname="LAPTOP-LO8M8OVB" name="TestCases.CoronavirusTotalCases" tests="8" failures="0" timestamp="2020-09-17T19:17:33 GMT+05:30" time="17.450" errors="0">
  <testcase name="TC02CalclateTheSumofActiveCasesOfAllStates" time="0.803" classname="TestCases.CoronavirusTotalCases"/>
  <system-out/>
  <testcase name="TC07CalclateTheSumofTotalRecoveredTodayCasesOfAllStates" time="0.682" classname="TestCases.CoronavirusTotalCases"/>
  <system-out/>
  <testcase name="TC08CalclateTheSumofTotalDeathTodayCasesOfAllStates" time="1.123" classname="TestCases.CoronavirusTotalCases"/>
  <system-out/>
  <testcase name="TC06CalclateTheSumofTotalActiveTodayCasesOfAllStates" time="0.739" classname="TestCases.CoronavirusTotalCases"/>
  <system-out/>
  <testcase name="TC04CalclateTheSumofDeathsOfAllStates" time="0.798" classname="TestCases.CoronavirusTotalCases"/>
  <system-out/>
  <testcase name="TC01CalclateTheSumofTotalCasesOfAllStates" time="11.865" classname="TestCases.CoronavirusTotalCases"/>
  <system-out/>
  <testcase name="TC05CalclateTheSumofTotalTodayCasesOfAllStates" time="0.724" classname="TestCases.CoronavirusTotalCases"/>
  <system-out/>
  <testcase name="TC03CalclateTheSumofRecoveredCasesOfAllStates" time="0.716" classname="TestCases.CoronavirusTotalCases"/>
  <system-out/>
</testsuite> <!-- TestCases.CoronavirusTotalCases -->
