<?xml version="1.0" encoding="UTF-8"?>
<!-- Generated by org.testng.reporters.JUnitReportReporter -->
<testsuite skipped="0" hostname="LAPTOP-LO8M8OVB" name="TestCases.CoronavirusTotalCases" tests="8" failures="0" timestamp="2020-09-20T02:27:00 GMT+05:30" time="21.100" errors="0">
  <testcase name="TC04CalclateTheSumofDeathsOfAllStates" time="1.166" classname="TestCases.CoronavirusTotalCases"/>
  <system-out/>
  <testcase name="TC06CalclateTheSumofTotalActiveTodayCasesOfAllStates" time="0.850" classname="TestCases.CoronavirusTotalCases"/>
  <system-out/>
  <testcase name="TC08CalclateTheSumofTotalDeathTodayCasesOfAllStates" time="0.737" classname="TestCases.CoronavirusTotalCases"/>
  <system-out/>
  <testcase name="TC03CalclateTheSumofRecoveredCasesOfAllStates" time="0.978" classname="TestCases.CoronavirusTotalCases"/>
  <system-out/>
  <testcase name="TC01CalclateTheSumofTotalCasesOfAllStates" time="14.463" classname="TestCases.CoronavirusTotalCases"/>
  <system-out/>
  <testcase name="TC07CalclateTheSumofTotalRecoveredTodayCasesOfAllStates" time="0.895" classname="TestCases.CoronavirusTotalCases"/>
  <system-out/>
  <testcase name="TC02CalclateTheSumofActiveCasesOfAllStates" time="0.924" classname="TestCases.CoronavirusTotalCases"/>
  <system-out/>
  <testcase name="TC05CalclateTheSumofTotalTodayCasesOfAllStates" time="1.087" classname="TestCases.CoronavirusTotalCases"/>
  <system-out/>
</testsuite> <!-- TestCases.CoronavirusTotalCases -->
